1733471295: mosquitto version 2.0.18 starting
1733471295: Config loaded from /etc/mosquitto/mosquitto.conf.
1733471295: Opening ipv4 listen socket on port 1883.
1733471295: Opening ipv6 listen socket on port 1883.
1733471295: Opening websockets listen socket on port 8883.
1733471295: mosquitto version 2.0.18 running
1733471295: New connection from 127.0.0.1:41912 on port 1883.
1733471295: Client <unknown> closed its connection.
1733471295: New connection from ::1:57137 on port 1883.
1733471295: New client connected from ::1:57137 as syncthing-e2011470 (p2, c1, k60).
1733471347: Client syncthing-e2011470 closed its connection.
1733471347: mosquitto version 2.0.18 terminating
1733471347: Saving in-memory database to /var/lib/mosquitto//mosquitto.db.
1733471368: mosquitto version 2.0.18 starting
1733471368: Config loaded from /etc/mosquitto/mosquitto.conf.
1733471368: Opening ipv4 listen socket on port 1883.
1733471368: Opening ipv6 listen socket on port 1883.
1733471368: Opening websockets listen socket on port 8883.
1733471368: mosquitto version 2.0.18 running
1733471368: New connection from 127.0.0.1:65244 on port 1883.
1733471368: Client <unknown> closed its connection.
1733471368: New connection from ::1:55579 on port 1883.
1733471368: New client connected from ::1:55579 as syncthing-6323b811 (p2, c1, k60).
1733471467: Client syncthing-6323b811 closed its connection.
1733471467: mosquitto version 2.0.18 terminating
1733471467: Saving in-memory database to /var/lib/mosquitto//mosquitto.db.
1733471586: mosquitto version 2.0.18 starting
1733471586: Config loaded from /etc/mosquitto/mosquitto.conf.
1733471586: Opening ipv4 listen socket on port 1883.
1733471586: Opening ipv6 listen socket on port 1883.
1733471586: Opening websockets listen socket on port 8883.
1733471586: mosquitto version 2.0.18 running
1733471586: New connection from 127.0.0.1:62240 on port 1883.
1733471586: Client <unknown> closed its connection.
1733471586: New connection from ::1:63579 on port 1883.
1733471586: New client connected from ::1:63579 as syncthing-22bae0c2 (p2, c1, k60).
1733471840: Client syncthing-22bae0c2 closed its connection.
1733471840: mosquitto version 2.0.18 terminating
1733471840: Saving in-memory database to /var/lib/mosquitto//mosquitto.db.
1733471864: mosquitto version 2.0.18 starting
1733471864: Config loaded from /etc/mosquitto/mosquitto.conf.
1733471864: Opening ipv4 listen socket on port 1883.
1733471864: Opening ipv6 listen socket on port 1883.
1733471864: Opening websockets listen socket on port 8883.
1733471864: mosquitto version 2.0.18 running
1733471864: New connection from 127.0.0.1:55112 on port 1883.
1733471864: Client <unknown> closed its connection.
1733471864: New connection from ::1:62181 on port 1883.
1733471864: New client connected from ::1:62181 as syncthing-50db2853 (p2, c1, k60).
1733472174: Client syncthing-50db2853 closed its connection.
1733472174: mosquitto version 2.0.18 terminating
1733472174: Saving in-memory database to /var/lib/mosquitto//mosquitto.db.
1733472176: mosquitto version 2.0.18 starting
1733472176: Config loaded from /etc/mosquitto/mosquitto.conf.
1733472176: Opening ipv4 listen socket on port 1883.
1733472176: Opening ipv6 listen socket on port 1883.
1733472176: Opening websockets listen socket on port 8883.
1733472176: mosquitto version 2.0.18 running
1733472176: New connection from 127.0.0.1:56588 on port 1883.
1733472176: Client <unknown> closed its connection.
1733472176: New connection from ::1:57915 on port 1883.
1733472176: New client connected from ::1:57915 as syncthing-c75b7f99 (p2, c1, k60).
1733472282: mosquitto version 2.0.18 terminating
1733472282: Saving in-memory database to /var/lib/mosquitto//mosquitto.db.
1733472286: mosquitto version 2.0.18 starting
1733472286: Config loaded from /etc/mosquitto/mosquitto.conf.
1733472286: Opening ipv4 listen socket on port 1883.
1733472286: Opening ipv6 listen socket on port 1883.
1733472286: Opening websockets listen socket on port 8883.
1733472286: mosquitto version 2.0.18 running
1733472286: New connection from 127.0.0.1:59358 on port 1883.
1733472286: Client <unknown> closed its connection.
1733472286: New connection from ::1:64165 on port 1883.
1733472286: New client connected from ::1:64165 as syncthing-ed4db9fd (p2, c1, k60).
1733472827: Client syncthing-ed4db9fd closed its connection.
1733472827: mosquitto version 2.0.18 terminating
1733472827: Saving in-memory database to /var/lib/mosquitto//mosquitto.db.
1733472830: mosquitto version 2.0.18 starting
1733472830: Config loaded from /etc/mosquitto/mosquitto.conf.
1733472830: Opening ipv4 listen socket on port 1883.
1733472830: Opening ipv6 listen socket on port 1883.
1733472830: Opening websockets listen socket on port 8883.
1733472830: mosquitto version 2.0.18 running
1733472830: New connection from 127.0.0.1:65112 on port 1883.
1733472830: Client <unknown> closed its connection.
1733472830: New connection from ::1:63617 on port 1883.
1733472830: New client connected from ::1:63617 as syncthing-406711ea (p2, c1, k60).
1733473365: Client syncthing-406711ea closed its connection.
1733473365: mosquitto version 2.0.18 terminating
1733473365: Saving in-memory database to /var/lib/mosquitto//mosquitto.db.
1733473369: mosquitto version 2.0.18 starting
1733473369: Config loaded from /etc/mosquitto/mosquitto.conf.
1733473369: Opening ipv4 listen socket on port 1883.
1733473369: Opening ipv6 listen socket on port 1883.
1733473369: Opening websockets listen socket on port 8883.
1733473369: mosquitto version 2.0.18 running
1733473369: New connection from 127.0.0.1:59570 on port 1883.
1733473369: Client <unknown> closed its connection.
1733473369: New connection from ::1:64917 on port 1883.
1733473369: New client connected from ::1:64917 as syncthing-f9960c32 (p2, c1, k60).
1733475170: Saving in-memory database to /var/lib/mosquitto//mosquitto.db.
1733476971: Saving in-memory database to /var/lib/mosquitto//mosquitto.db.
1733478772: Saving in-memory database to /var/lib/mosquitto//mosquitto.db.
1733480573: Saving in-memory database to /var/lib/mosquitto//mosquitto.db.
1733482374: Saving in-memory database to /var/lib/mosquitto//mosquitto.db.
1733484175: Saving in-memory database to /var/lib/mosquitto//mosquitto.db.
1733485976: Saving in-memory database to /var/lib/mosquitto//mosquitto.db.
1733487777: Saving in-memory database to /var/lib/mosquitto//mosquitto.db.
1733489578: Saving in-memory database to /var/lib/mosquitto//mosquitto.db.
1733491379: Saving in-memory database to /var/lib/mosquitto//mosquitto.db.
1733491939: Client syncthing-f9960c32 closed its connection.
1733491939: mosquitto version 2.0.18 terminating
1733491939: Saving in-memory database to /var/lib/mosquitto//mosquitto.db.
1733491942: mosquitto version 2.0.18 starting
1733491942: Config loaded from /etc/mosquitto/mosquitto.conf.
1733491942: Opening ipv4 listen socket on port 1883.
1733491942: Opening ipv6 listen socket on port 1883.
1733491942: Opening websockets listen socket on port 8883.
1733491942: mosquitto version 2.0.18 running
1733491943: New connection from 127.0.0.1:61752 on port 1883.
1733491943: Client <unknown> closed its connection.
1733491943: New connection from ::1:65297 on port 1883.
1733491943: New client connected from ::1:65297 as syncthing-7a71e913 (p2, c1, k60).
1733492601: Client syncthing-7a71e913 closed its connection.
1733492601: mosquitto version 2.0.18 terminating
1733492601: Saving in-memory database to /var/lib/mosquitto//mosquitto.db.
1733492604: mosquitto version 2.0.18 starting
1733492604: Config loaded from /etc/mosquitto/mosquitto.conf.
1733492604: Opening ipv4 listen socket on port 1883.
1733492604: Opening ipv6 listen socket on port 1883.
1733492604: Opening websockets listen socket on port 8883.
1733492604: mosquitto version 2.0.18 running
1733492604: New connection from 127.0.0.1:63066 on port 1883.
1733492604: Client <unknown> closed its connection.
1733492604: New connection from ::1:62081 on port 1883.
1733492604: New client connected from ::1:62081 as syncthing-b1be44b4 (p2, c1, k60).
1733492716: Client syncthing-b1be44b4 closed its connection.
1733492716: mosquitto version 2.0.18 terminating
1733492716: Saving in-memory database to /var/lib/mosquitto//mosquitto.db.
1733492721: mosquitto version 2.0.18 starting
1733492721: Config loaded from /etc/mosquitto/mosquitto.conf.
1733492721: Opening ipv4 listen socket on port 1883.
1733492721: Opening ipv6 listen socket on port 1883.
1733492721: Opening websockets listen socket on port 8883.
1733492721: mosquitto version 2.0.18 running
1733492721: New connection from 127.0.0.1:57074 on port 1883.
1733492721: Client <unknown> closed its connection.
1733492721: New connection from ::1:62675 on port 1883.
1733492721: New client connected from ::1:62675 as syncthing-185fa48c (p2, c1, k60).
1733492918: Client syncthing-185fa48c closed its connection.
1733492918: mosquitto version 2.0.18 terminating
1733492918: Saving in-memory database to /var/lib/mosquitto//mosquitto.db.
1733492922: mosquitto version 2.0.18 starting
1733492922: Config loaded from /etc/mosquitto/mosquitto.conf.
1733492922: Opening ipv4 listen socket on port 1883.
1733492922: Opening ipv6 listen socket on port 1883.
1733492922: Opening websockets listen socket on port 8883.
1733492922: mosquitto version 2.0.18 running
1733492922: New connection from 127.0.0.1:59558 on port 1883.
1733492922: Client <unknown> closed its connection.
1733492922: New connection from ::1:62463 on port 1883.
1733492922: New client connected from ::1:62463 as syncthing-310036b9 (p2, c1, k60).
1733493115: Client syncthing-310036b9 closed its connection.
1733493115: mosquitto version 2.0.18 terminating
1733493115: Saving in-memory database to /var/lib/mosquitto//mosquitto.db.
